The system is: Linux - 4.4.0-31-generic - i686
Compiling the C compiler identification source file "CMakeCCompilerId.c" succeeded.
Compiler: /usr/bin/cc 
Build flags: 
Id flags: 

The output was:
0


Compilation of the C compiler identification source "CMakeCCompilerId.c" produced "a.out"

The C compiler identification is GNU, found in "/home/liby3/catkin_ws_lby/build/CMakeFiles/2.8.12.2/CompilerIdC/a.out"

Compiling the CXX compiler identification source file "CMakeCXXCompilerId.cpp" succeeded.
Compiler: /usr/bin/c++ 
Build flags: 
Id flags: 

The output was:
0


Compilation of the CXX compiler identification source "CMakeCXXCompilerId.cpp" produced "a.out"

The CXX compiler identification is GNU, found in "/home/liby3/catkin_ws_lby/build/CMakeFiles/2.8.12.2/CompilerIdCXX/a.out"

Determining if the C compiler works passed with the following output:
Change Dir: /home/liby3/catkin_ws_lby/build/CMakeFiles/CMakeTmp

Run Build Command:/usr/bin/make "cmTryCompileExec1235612740/fast"
/usr/bin/make -f CMakeFiles/cmTryCompileExec1235612740.dir/build.make CMakeFiles/cmTryCompileExec1235612740.dir/build
make[1]: Entering directory `/home/liby3/catkin_ws_lby/build/CMakeFiles/CMakeTmp'
/usr/bin/cmake -E cmake_progress_report /home/liby3/catkin_ws_lby/build/CMakeFiles/CMakeTmp/CMakeFiles 1
Building C object CMakeFiles/cmTryCompileExec1235612740.dir/testCCompiler.c.o
/usr/bin/cc    -o CMakeFiles/cmTryCompileExec1235612740.dir/testCCompiler.c.o   -c /home/liby3/catkin_ws_lby/build/CMakeFiles/CMakeTmp/testCCompiler.c
Linking C executable cmTryCompileExec1235612740
/usr/bin/cmake -E cmake_link_script CMakeFiles/cmTryCompileExec1235612740.dir/link.txt --verbose=1
/usr/bin/cc       CMakeFiles/cmTryCompileExec1235612740.dir/testCCompiler.c.o  -o cmTryCompileExec1235612740 -rdynamic 
make[1]: Leaving directory `/home/liby3/catkin_ws_lby/build/CMakeFiles/CMakeTmp'


Detecting C compiler ABI info compiled with the following output:
Change Dir: /home/liby3/catkin_ws_lby/build/CMakeFiles/CMakeTmp

Run Build Command:/usr/bin/make "cmTryCompileExec505089800/fast"
/usr/bin/make -f CMakeFiles/cmTryCompileExec505089800.dir/build.make CMakeFiles/cmTryCompileExec505089800.dir/build
make[1]: Entering directory `/home/liby3/catkin_ws_lby/build/CMakeFiles/CMakeTmp'
/usr/bin/cmake -E cmake_progress_report /home/liby3/catkin_ws_lby/build/CMakeFiles/CMakeTmp/CMakeFiles 1
Building C object CMakeFiles/cmTryCompileExec505089800.dir/CMakeCCompilerABI.c.o
/usr/bin/cc    -o CMakeFiles/cmTryCompileExec505089800.dir/CMakeCCompilerABI.c.o   -c /usr/share/cmake-2.8/Modules/CMakeCCompilerABI.c
Linking C executable cmTryCompileExec505089800
/usr/bin/cmake -E cmake_link_script CMakeFiles/cmTryCompileExec505089800.dir/link.txt --verbose=1
/usr/bin/cc     -v CMakeFiles/cmTryCompileExec505089800.dir/CMakeCCompilerABI.c.o  -o cmTryCompileExec505089800 -rdynamic  
Using built-in specs.
COLLECT_GCC=/usr/bin/cc
COLLECT_LTO_WRAPPER=/usr/lib/gcc/i686-linux-gnu/4.8/lto-wrapper
Target: i686-linux-gnu
Configured with: ../src/configure -v --with-pkgversion='Ubuntu 4.8.4-2ubuntu1~14.04.3' --with-bugurl=file:///usr/share/doc/gcc-4.8/README.Bugs --enable-languages=c,c++,java,go,d,fortran,objc,obj-c++ --prefix=/usr --program-suffix=-4.8 --enable-shared --enable-linker-build-id --libexecdir=/usr/lib --without-included-gettext --enable-threads=posix --with-gxx-include-dir=/usr/include/c++/4.8 --libdir=/usr/lib --enable-nls --with-sysroot=/ --enable-clocale=gnu --enable-libstdcxx-debug --enable-libstdcxx-time=yes --enable-gnu-unique-object --disable-libmudflap --enable-plugin --with-system-zlib --disable-browser-plugin --enable-java-awt=gtk --enable-gtk-cairo --with-java-home=/usr/lib/jvm/java-1.5.0-gcj-4.8-i386/jre --enable-java-home --with-jvm-root-dir=/usr/lib/jvm/java-1.5.0-gcj-4.8-i386 --with-jvm-jar-dir=/usr/lib/jvm-exports/java-1.5.0-gcj-4.8-i386 --with-arch-directory=i386 --with-ecj-jar=/usr/share/java/eclipse-ecj.jar --enable-objc-gc --enable-targets=all --enable-multiarch --disable-werror --with-arch-32=i686 --with-multilib-list=m32,m64,mx32 --with-tune=generic --enable-checking=release --build=i686-linux-gnu --host=i686-linux-gnu --target=i686-linux-gnu
Thread model: posix
gcc version 4.8.4 (Ubuntu 4.8.4-2ubuntu1~14.04.3) 
COMPILER_PATH=/usr/lib/gcc/i686-linux-gnu/4.8/:/usr/lib/gcc/i686-linux-gnu/4.8/:/usr/lib/gcc/i686-linux-gnu/:/usr/lib/gcc/i686-linux-gnu/4.8/:/usr/lib/gcc/i686-linux-gnu/
LIBRARY_PATH=/usr/lib/gcc/i686-linux-gnu/4.8/:/usr/lib/gcc/i686-linux-gnu/4.8/../../../i386-linux-gnu/:/usr/lib/gcc/i686-linux-gnu/4.8/../../../../lib/:/lib/i386-linux-gnu/:/lib/../lib/:/usr/lib/i386-linux-gnu/:/usr/lib/../lib/:/usr/lib/gcc/i686-linux-gnu/4.8/../../../:/lib/:/usr/lib/
COLLECT_GCC_OPTIONS='-v' '-o' 'cmTryCompileExec505089800' '-rdynamic' '-mtune=generic' '-march=i686'
 /usr/lib/gcc/i686-linux-gnu/4.8/collect2 --sysroot=/ --build-id --eh-frame-hdr -m elf_i386 --hash-style=gnu --as-needed -export-dynamic -dynamic-linker /lib/ld-linux.so.2 -z relro -o cmTryCompileExec505089800 /usr/lib/gcc/i686-linux-gnu/4.8/../../../i386-linux-gnu/crt1.o /usr/lib/gcc/i686-linux-gnu/4.8/../../../i386-linux-gnu/crti.o /usr/lib/gcc/i686-linux-gnu/4.8/crtbegin.o -L/usr/lib/gcc/i686-linux-gnu/4.8 -L/usr/lib/gcc/i686-linux-gnu/4.8/../../../i386-linux-gnu -L/usr/lib/gcc/i686-linux-gnu/4.8/../../../../lib -L/lib/i386-linux-gnu -L/lib/../lib -L/usr/lib/i386-linux-gnu -L/usr/lib/../lib -L/usr/lib/gcc/i686-linux-gnu/4.8/../../.. CMakeFiles/cmTryCompileExec505089800.dir/CMakeCCompilerABI.c.o -lgcc --as-needed -lgcc_s --no-as-needed -lc -lgcc --as-needed -lgcc_s --no-as-needed /usr/lib/gcc/i686-linux-gnu/4.8/crtend.o /usr/lib/gcc/i686-linux-gnu/4.8/../../../i386-linux-gnu/crtn.o
make[1]: Leaving directory `/home/liby3/catkin_ws_lby/build/CMakeFiles/CMakeTmp'


Parsed C implicit link information from above output:
  link line regex: [^( *|.*[/\])(ld|([^/\]+-)?ld|collect2)[^/\]*( |$)]
  ignore line: [Change Dir: /home/liby3/catkin_ws_lby/build/CMakeFiles/CMakeTmp]
  ignore line: []
  ignore line: [Run Build Command:/usr/bin/make "cmTryCompileExec505089800/fast"]
  ignore line: [/usr/bin/make -f CMakeFiles/cmTryCompileExec505089800.dir/build.make CMakeFiles/cmTryCompileExec505089800.dir/build]
  ignore line: [make[1]: Entering directory `/home/liby3/catkin_ws_lby/build/CMakeFiles/CMakeTmp']
  ignore line: [/usr/bin/cmake -E cmake_progress_report /home/liby3/catkin_ws_lby/build/CMakeFiles/CMakeTmp/CMakeFiles 1]
  ignore line: [Building C object CMakeFiles/cmTryCompileExec505089800.dir/CMakeCCompilerABI.c.o]
  ignore line: [/usr/bin/cc    -o CMakeFiles/cmTryCompileExec505089800.dir/CMakeCCompilerABI.c.o   -c /usr/share/cmake-2.8/Modules/CMakeCCompilerABI.c]
  ignore line: [Linking C executable cmTryCompileExec505089800]
  ignore line: [/usr/bin/cmake -E cmake_link_script CMakeFiles/cmTryCompileExec505089800.dir/link.txt --verbose=1]
  ignore line: [/usr/bin/cc     -v CMakeFiles/cmTryCompileExec505089800.dir/CMakeCCompilerABI.c.o  -o cmTryCompileExec505089800 -rdynamic  ]
  ignore line: [Using built-in specs.]
  ignore line: [COLLECT_GCC=/usr/bin/cc]
  ignore line: [COLLECT_LTO_WRAPPER=/usr/lib/gcc/i686-linux-gnu/4.8/lto-wrapper]
  ignore line: [Target: i686-linux-gnu]
  ignore line: [Configured with: ../src/configure -v --with-pkgversion='Ubuntu 4.8.4-2ubuntu1~14.04.3' --with-bugurl=file:///usr/share/doc/gcc-4.8/README.Bugs --enable-languages=c,c++,java,go,d,fortran,objc,obj-c++ --prefix=/usr --program-suffix=-4.8 --enable-shared --enable-linker-build-id --libexecdir=/usr/lib --without-included-gettext --enable-threads=posix --with-gxx-include-dir=/usr/include/c++/4.8 --libdir=/usr/lib --enable-nls --with-sysroot=/ --enable-clocale=gnu --enable-libstdcxx-debug --enable-libstdcxx-time=yes --enable-gnu-unique-object --disable-libmudflap --enable-plugin --with-system-zlib --disable-browser-plugin --enable-java-awt=gtk --enable-gtk-cairo --with-java-home=/usr/lib/jvm/java-1.5.0-gcj-4.8-i386/jre --enable-java-home --with-jvm-root-dir=/usr/lib/jvm/java-1.5.0-gcj-4.8-i386 --with-jvm-jar-dir=/usr/lib/jvm-exports/java-1.5.0-gcj-4.8-i386 --with-arch-directory=i386 --with-ecj-jar=/usr/share/java/eclipse-ecj.jar --enable-objc-gc --enable-targets=all --enable-multiarch --disable-werror --with-arch-32=i686 --with-multilib-list=m32,m64,mx32 --with-tune=generic --enable-checking=release --build=i686-linux-gnu --host=i686-linux-gnu --target=i686-linux-gnu]
  ignore line: [Thread model: posix]
  ignore line: [gcc version 4.8.4 (Ubuntu 4.8.4-2ubuntu1~14.04.3) ]
  ignore line: [COMPILER_PATH=/usr/lib/gcc/i686-linux-gnu/4.8/:/usr/lib/gcc/i686-linux-gnu/4.8/:/usr/lib/gcc/i686-linux-gnu/:/usr/lib/gcc/i686-linux-gnu/4.8/:/usr/lib/gcc/i686-linux-gnu/]
  ignore line: [LIBRARY_PATH=/usr/lib/gcc/i686-linux-gnu/4.8/:/usr/lib/gcc/i686-linux-gnu/4.8/../../../i386-linux-gnu/:/usr/lib/gcc/i686-linux-gnu/4.8/../../../../lib/:/lib/i386-linux-gnu/:/lib/../lib/:/usr/lib/i386-linux-gnu/:/usr/lib/../lib/:/usr/lib/gcc/i686-linux-gnu/4.8/../../../:/lib/:/usr/lib/]
  ignore line: [COLLECT_GCC_OPTIONS='-v' '-o' 'cmTryCompileExec505089800' '-rdynamic' '-mtune=generic' '-march=i686']
  link line: [ /usr/lib/gcc/i686-linux-gnu/4.8/collect2 --sysroot=/ --build-id --eh-frame-hdr -m elf_i386 --hash-style=gnu --as-needed -export-dynamic -dynamic-linker /lib/ld-linux.so.2 -z relro -o cmTryCompileExec505089800 /usr/lib/gcc/i686-linux-gnu/4.8/../../../i386-linux-gnu/crt1.o /usr/lib/gcc/i686-linux-gnu/4.8/../../../i386-linux-gnu/crti.o /usr/lib/gcc/i686-linux-gnu/4.8/crtbegin.o -L/usr/lib/gcc/i686-linux-gnu/4.8 -L/usr/lib/gcc/i686-linux-gnu/4.8/../../../i386-linux-gnu -L/usr/lib/gcc/i686-linux-gnu/4.8/../../../../lib -L/lib/i386-linux-gnu -L/lib/../lib -L/usr/lib/i386-linux-gnu -L/usr/lib/../lib -L/usr/lib/gcc/i686-linux-gnu/4.8/../../.. CMakeFiles/cmTryCompileExec505089800.dir/CMakeCCompilerABI.c.o -lgcc --as-needed -lgcc_s --no-as-needed -lc -lgcc --as-needed -lgcc_s --no-as-needed /usr/lib/gcc/i686-linux-gnu/4.8/crtend.o /usr/lib/gcc/i686-linux-gnu/4.8/../../../i386-linux-gnu/crtn.o]
    arg [/usr/lib/gcc/i686-linux-gnu/4.8/collect2] ==> ignore
    arg [--sysroot=/] ==> ignore
    arg [--build-id] ==> ignore
    arg [--eh-frame-hdr] ==> ignore
    arg [-m] ==> ignore
    arg [elf_i386] ==> ignore
    arg [--hash-style=gnu] ==> ignore
    arg [--as-needed] ==> ignore
    arg [-export-dynamic] ==> ignore
    arg [-dynamic-linker] ==> ignore
    arg [/lib/ld-linux.so.2] ==> ignore
    arg [-zrelro] ==> ignore
    arg [-o] ==> ignore
    arg [cmTryCompileExec505089800] ==> ignore
    arg [/usr/lib/gcc/i686-linux-gnu/4.8/../../../i386-linux-gnu/crt1.o] ==> ignore
    arg [/usr/lib/gcc/i686-linux-gnu/4.8/../../../i386-linux-gnu/crti.o] ==> ignore
    arg [/usr/lib/gcc/i686-linux-gnu/4.8/crtbegin.o] ==> ignore
    arg [-L/usr/lib/gcc/i686-linux-gnu/4.8] ==> dir [/usr/lib/gcc/i686-linux-gnu/4.8]
    arg [-L/usr/lib/gcc/i686-linux-gnu/4.8/../../../i386-linux-gnu] ==> dir [/usr/lib/gcc/i686-linux-gnu/4.8/../../../i386-linux-gnu]
    arg [-L/usr/lib/gcc/i686-linux-gnu/4.8/../../../../lib] ==> dir [/usr/lib/gcc/i686-linux-gnu/4.8/../../../../lib]
    arg [-L/lib/i386-linux-gnu] ==> dir [/lib/i386-linux-gnu]
    arg [-L/lib/../lib] ==> dir [/lib/../lib]
    arg [-L/usr/lib/i386-linux-gnu] ==> dir [/usr/lib/i386-linux-gnu]
    arg [-L/usr/lib/../lib] ==> dir [/usr/lib/../lib]
    arg [-L/usr/lib/gcc/i686-linux-gnu/4.8/../../..] ==> dir [/usr/lib/gcc/i686-linux-gnu/4.8/../../..]
    arg [CMakeFiles/cmTryCompileExec505089800.dir/CMakeCCompilerABI.c.o] ==> ignore
    arg [-lgcc] ==> lib [gcc]
    arg [--as-needed] ==> ignore
    arg [-lgcc_s] ==> lib [gcc_s]
    arg [--no-as-needed] ==> ignore
    arg [-lc] ==> lib [c]
    arg [-lgcc] ==> lib [gcc]
    arg [--as-needed] ==> ignore
    arg [-lgcc_s] ==> lib [gcc_s]
    arg [--no-as-needed] ==> ignore
    arg [/usr/lib/gcc/i686-linux-gnu/4.8/crtend.o] ==> ignore
    arg [/usr/lib/gcc/i686-linux-gnu/4.8/../../../i386-linux-gnu/crtn.o] ==> ignore
  remove lib [gcc]
  remove lib [gcc_s]
  remove lib [gcc]
  remove lib [gcc_s]
  collapse library dir [/usr/lib/gcc/i686-linux-gnu/4.8] ==> [/usr/lib/gcc/i686-linux-gnu/4.8]
  collapse library dir [/usr/lib/gcc/i686-linux-gnu/4.8/../../../i386-linux-gnu] ==> [/usr/lib/i386-linux-gnu]
  collapse library dir [/usr/lib/gcc/i686-linux-gnu/4.8/../../../../lib] ==> [/usr/lib]
  collapse library dir [/lib/i386-linux-gnu] ==> [/lib/i386-linux-gnu]
  collapse library dir [/lib/../lib] ==> [/lib]
  collapse library dir [/usr/lib/i386-linux-gnu] ==> [/usr/lib/i386-linux-gnu]
  collapse library dir [/usr/lib/../lib] ==> [/usr/lib]
  collapse library dir [/usr/lib/gcc/i686-linux-gnu/4.8/../../..] ==> [/usr/lib]
  implicit libs: [c]
  implicit dirs: [/usr/lib/gcc/i686-linux-gnu/4.8;/usr/lib/i386-linux-gnu;/usr/lib;/lib/i386-linux-gnu;/lib]
  implicit fwks: []


Determining if the CXX compiler works passed with the following output:
Change Dir: /home/liby3/catkin_ws_lby/build/CMakeFiles/CMakeTmp

Run Build Command:/usr/bin/make "cmTryCompileExec1040176281/fast"
/usr/bin/make -f CMakeFiles/cmTryCompileExec1040176281.dir/build.make CMakeFiles/cmTryCompileExec1040176281.dir/build
make[1]: Entering directory `/home/liby3/catkin_ws_lby/build/CMakeFiles/CMakeTmp'
/usr/bin/cmake -E cmake_progress_report /home/liby3/catkin_ws_lby/build/CMakeFiles/CMakeTmp/CMakeFiles 1
Building CXX object CMakeFiles/cmTryCompileExec1040176281.dir/testCXXCompiler.cxx.o
/usr/bin/c++     -o CMakeFiles/cmTryCompileExec1040176281.dir/testCXXCompiler.cxx.o -c /home/liby3/catkin_ws_lby/build/CMakeFiles/CMakeTmp/testCXXCompiler.cxx
Linking CXX executable cmTryCompileExec1040176281
/usr/bin/cmake -E cmake_link_script CMakeFiles/cmTryCompileExec1040176281.dir/link.txt --verbose=1
/usr/bin/c++        CMakeFiles/cmTryCompileExec1040176281.dir/testCXXCompiler.cxx.o  -o cmTryCompileExec1040176281 -rdynamic 
make[1]: Leaving directory `/home/liby3/catkin_ws_lby/build/CMakeFiles/CMakeTmp'


Detecting CXX compiler ABI info compiled with the following output:
Change Dir: /home/liby3/catkin_ws_lby/build/CMakeFiles/CMakeTmp

Run Build Command:/usr/bin/make "cmTryCompileExec3762154048/fast"
/usr/bin/make -f CMakeFiles/cmTryCompileExec3762154048.dir/build.make CMakeFiles/cmTryCompileExec3762154048.dir/build
make[1]: Entering directory `/home/liby3/catkin_ws_lby/build/CMakeFiles/CMakeTmp'
/usr/bin/cmake -E cmake_progress_report /home/liby3/catkin_ws_lby/build/CMakeFiles/CMakeTmp/CMakeFiles 1
Building CXX object CMakeFiles/cmTryCompileExec3762154048.dir/CMakeCXXCompilerABI.cpp.o
/usr/bin/c++     -o CMakeFiles/cmTryCompileExec3762154048.dir/CMakeCXXCompilerABI.cpp.o -c /usr/share/cmake-2.8/Modules/CMakeCXXCompilerABI.cpp
Linking CXX executable cmTryCompileExec3762154048
/usr/bin/cmake -E cmake_link_script CMakeFiles/cmTryCompileExec3762154048.dir/link.txt --verbose=1
/usr/bin/c++      -v CMakeFiles/cmTryCompileExec3762154048.dir/CMakeCXXCompilerABI.cpp.o  -o cmTryCompileExec3762154048 -rdynamic  
Using built-in specs.
COLLECT_GCC=/usr/bin/c++
COLLECT_LTO_WRAPPER=/usr/lib/gcc/i686-linux-gnu/4.8/lto-wrapper
Target: i686-linux-gnu
Configured with: ../src/configure -v --with-pkgversion='Ubuntu 4.8.4-2ubuntu1~14.04.3' --with-bugurl=file:///usr/share/doc/gcc-4.8/README.Bugs --enable-languages=c,c++,java,go,d,fortran,objc,obj-c++ --prefix=/usr --program-suffix=-4.8 --enable-shared --enable-linker-build-id --libexecdir=/usr/lib --without-included-gettext --enable-threads=posix --with-gxx-include-dir=/usr/include/c++/4.8 --libdir=/usr/lib --enable-nls --with-sysroot=/ --enable-clocale=gnu --enable-libstdcxx-debug --enable-libstdcxx-time=yes --enable-gnu-unique-object --disable-libmudflap --enable-plugin --with-system-zlib --disable-browser-plugin --enable-java-awt=gtk --enable-gtk-cairo --with-java-home=/usr/lib/jvm/java-1.5.0-gcj-4.8-i386/jre --enable-java-home --with-jvm-root-dir=/usr/lib/jvm/java-1.5.0-gcj-4.8-i386 --with-jvm-jar-dir=/usr/lib/jvm-exports/java-1.5.0-gcj-4.8-i386 --with-arch-directory=i386 --with-ecj-jar=/usr/share/java/eclipse-ecj.jar --enable-objc-gc --enable-targets=all --enable-multiarch --disable-werror --with-arch-32=i686 --with-multilib-list=m32,m64,mx32 --with-tune=generic --enable-checking=release --build=i686-linux-gnu --host=i686-linux-gnu --target=i686-linux-gnu
Thread model: posix
gcc version 4.8.4 (Ubuntu 4.8.4-2ubuntu1~14.04.3) 
COMPILER_PATH=/usr/lib/gcc/i686-linux-gnu/4.8/:/usr/lib/gcc/i686-linux-gnu/4.8/:/usr/lib/gcc/i686-linux-gnu/:/usr/lib/gcc/i686-linux-gnu/4.8/:/usr/lib/gcc/i686-linux-gnu/
LIBRARY_PATH=/usr/lib/gcc/i686-linux-gnu/4.8/:/usr/lib/gcc/i686-linux-gnu/4.8/../../../i386-linux-gnu/:/usr/lib/gcc/i686-linux-gnu/4.8/../../../../lib/:/lib/i386-linux-gnu/:/lib/../lib/:/usr/lib/i386-linux-gnu/:/usr/lib/../lib/:/usr/lib/gcc/i686-linux-gnu/4.8/../../../:/lib/:/usr/lib/
COLLECT_GCC_OPTIONS='-v' '-o' 'cmTryCompileExec3762154048' '-rdynamic' '-shared-libgcc' '-mtune=generic' '-march=i686'
 /usr/lib/gcc/i686-linux-gnu/4.8/collect2 --sysroot=/ --build-id --eh-frame-hdr -m elf_i386 --hash-style=gnu --as-needed -export-dynamic -dynamic-linker /lib/ld-linux.so.2 -z relro -o cmTryCompileExec3762154048 /usr/lib/gcc/i686-linux-gnu/4.8/../../../i386-linux-gnu/crt1.o /usr/lib/gcc/i686-linux-gnu/4.8/../../../i386-linux-gnu/crti.o /usr/lib/gcc/i686-linux-gnu/4.8/crtbegin.o -L/usr/lib/gcc/i686-linux-gnu/4.8 -L/usr/lib/gcc/i686-linux-gnu/4.8/../../../i386-linux-gnu -L/usr/lib/gcc/i686-linux-gnu/4.8/../../../../lib -L/lib/i386-linux-gnu -L/lib/../lib -L/usr/lib/i386-linux-gnu -L/usr/lib/../lib -L/usr/lib/gcc/i686-linux-gnu/4.8/../../.. CMakeFiles/cmTryCompileExec3762154048.dir/CMakeCXXCompilerABI.cpp.o -lstdc++ -lm -lgcc_s -lgcc -lc -lgcc_s -lgcc /usr/lib/gcc/i686-linux-gnu/4.8/crtend.o /usr/lib/gcc/i686-linux-gnu/4.8/../../../i386-linux-gnu/crtn.o
make[1]: Leaving directory `/home/liby3/catkin_ws_lby/build/CMakeFiles/CMakeTmp'


Parsed CXX implicit link information from above output:
  link line regex: [^( *|.*[/\])(ld|([^/\]+-)?ld|collect2)[^/\]*( |$)]
  ignore line: [Change Dir: /home/liby3/catkin_ws_lby/build/CMakeFiles/CMakeTmp]
  ignore line: []
  ignore line: [Run Build Command:/usr/bin/make "cmTryCompileExec3762154048/fast"]
  ignore line: [/usr/bin/make -f CMakeFiles/cmTryCompileExec3762154048.dir/build.make CMakeFiles/cmTryCompileExec3762154048.dir/build]
  ignore line: [make[1]: Entering directory `/home/liby3/catkin_ws_lby/build/CMakeFiles/CMakeTmp']
  ignore line: [/usr/bin/cmake -E cmake_progress_report /home/liby3/catkin_ws_lby/build/CMakeFiles/CMakeTmp/CMakeFiles 1]
  ignore line: [Building CXX object CMakeFiles/cmTryCompileExec3762154048.dir/CMakeCXXCompilerABI.cpp.o]
  ignore line: [/usr/bin/c++     -o CMakeFiles/cmTryCompileExec3762154048.dir/CMakeCXXCompilerABI.cpp.o -c /usr/share/cmake-2.8/Modules/CMakeCXXCompilerABI.cpp]
  ignore line: [Linking CXX executable cmTryCompileExec3762154048]
  ignore line: [/usr/bin/cmake -E cmake_link_script CMakeFiles/cmTryCompileExec3762154048.dir/link.txt --verbose=1]
  ignore line: [/usr/bin/c++      -v CMakeFiles/cmTryCompileExec3762154048.dir/CMakeCXXCompilerABI.cpp.o  -o cmTryCompileExec3762154048 -rdynamic  ]
  ignore line: [Using built-in specs.]
  ignore line: [COLLECT_GCC=/usr/bin/c++]
  ignore line: [COLLECT_LTO_WRAPPER=/usr/lib/gcc/i686-linux-gnu/4.8/lto-wrapper]
  ignore line: [Target: i686-linux-gnu]
  ignore line: [Configured with: ../src/configure -v --with-pkgversion='Ubuntu 4.8.4-2ubuntu1~14.04.3' --with-bugurl=file:///usr/share/doc/gcc-4.8/README.Bugs --enable-languages=c,c++,java,go,d,fortran,objc,obj-c++ --prefix=/usr --program-suffix=-4.8 --enable-shared --enable-linker-build-id --libexecdir=/usr/lib --without-included-gettext --enable-threads=posix --with-gxx-include-dir=/usr/include/c++/4.8 --libdir=/usr/lib --enable-nls --with-sysroot=/ --enable-clocale=gnu --enable-libstdcxx-debug --enable-libstdcxx-time=yes --enable-gnu-unique-object --disable-libmudflap --enable-plugin --with-system-zlib --disable-browser-plugin --enable-java-awt=gtk --enable-gtk-cairo --with-java-home=/usr/lib/jvm/java-1.5.0-gcj-4.8-i386/jre --enable-java-home --with-jvm-root-dir=/usr/lib/jvm/java-1.5.0-gcj-4.8-i386 --with-jvm-jar-dir=/usr/lib/jvm-exports/java-1.5.0-gcj-4.8-i386 --with-arch-directory=i386 --with-ecj-jar=/usr/share/java/eclipse-ecj.jar --enable-objc-gc --enable-targets=all --enable-multiarch --disable-werror --with-arch-32=i686 --with-multilib-list=m32,m64,mx32 --with-tune=generic --enable-checking=release --build=i686-linux-gnu --host=i686-linux-gnu --target=i686-linux-gnu]
  ignore line: [Thread model: posix]
  ignore line: [gcc version 4.8.4 (Ubuntu 4.8.4-2ubuntu1~14.04.3) ]
  ignore line: [COMPILER_PATH=/usr/lib/gcc/i686-linux-gnu/4.8/:/usr/lib/gcc/i686-linux-gnu/4.8/:/usr/lib/gcc/i686-linux-gnu/:/usr/lib/gcc/i686-linux-gnu/4.8/:/usr/lib/gcc/i686-linux-gnu/]
  ignore line: [LIBRARY_PATH=/usr/lib/gcc/i686-linux-gnu/4.8/:/usr/lib/gcc/i686-linux-gnu/4.8/../../../i386-linux-gnu/:/usr/lib/gcc/i686-linux-gnu/4.8/../../../../lib/:/lib/i386-linux-gnu/:/lib/../lib/:/usr/lib/i386-linux-gnu/:/usr/lib/../lib/:/usr/lib/gcc/i686-linux-gnu/4.8/../../../:/lib/:/usr/lib/]
  ignore line: [COLLECT_GCC_OPTIONS='-v' '-o' 'cmTryCompileExec3762154048' '-rdynamic' '-shared-libgcc' '-mtune=generic' '-march=i686']
  link line: [ /usr/lib/gcc/i686-linux-gnu/4.8/collect2 --sysroot=/ --build-id --eh-frame-hdr -m elf_i386 --hash-style=gnu --as-needed -export-dynamic -dynamic-linker /lib/ld-linux.so.2 -z relro -o cmTryCompileExec3762154048 /usr/lib/gcc/i686-linux-gnu/4.8/../../../i386-linux-gnu/crt1.o /usr/lib/gcc/i686-linux-gnu/4.8/../../../i386-linux-gnu/crti.o /usr/lib/gcc/i686-linux-gnu/4.8/crtbegin.o -L/usr/lib/gcc/i686-linux-gnu/4.8 -L/usr/lib/gcc/i686-linux-gnu/4.8/../../../i386-linux-gnu -L/usr/lib/gcc/i686-linux-gnu/4.8/../../../../lib -L/lib/i386-linux-gnu -L/lib/../lib -L/usr/lib/i386-linux-gnu -L/usr/lib/../lib -L/usr/lib/gcc/i686-linux-gnu/4.8/../../.. CMakeFiles/cmTryCompileExec3762154048.dir/CMakeCXXCompilerABI.cpp.o -lstdc++ -lm -lgcc_s -lgcc -lc -lgcc_s -lgcc /usr/lib/gcc/i686-linux-gnu/4.8/crtend.o /usr/lib/gcc/i686-linux-gnu/4.8/../../../i386-linux-gnu/crtn.o]
    arg [/usr/lib/gcc/i686-linux-gnu/4.8/collect2] ==> ignore
    arg [--sysroot=/] ==> ignore
    arg [--build-id] ==> ignore
    arg [--eh-frame-hdr] ==> ignore
    arg [-m] ==> ignore
    arg [elf_i386] ==> ignore
    arg [--hash-style=gnu] ==> ignore
    arg [--as-needed] ==> ignore
    arg [-export-dynamic] ==> ignore
    arg [-dynamic-linker] ==> ignore
    arg [/lib/ld-linux.so.2] ==> ignore
    arg [-zrelro] ==> ignore
    arg [-o] ==> ignore
    arg [cmTryCompileExec3762154048] ==> ignore
    arg [/usr/lib/gcc/i686-linux-gnu/4.8/../../../i386-linux-gnu/crt1.o] ==> ignore
    arg [/usr/lib/gcc/i686-linux-gnu/4.8/../../../i386-linux-gnu/crti.o] ==> ignore
    arg [/usr/lib/gcc/i686-linux-gnu/4.8/crtbegin.o] ==> ignore
    arg [-L/usr/lib/gcc/i686-linux-gnu/4.8] ==> dir [/usr/lib/gcc/i686-linux-gnu/4.8]
    arg [-L/usr/lib/gcc/i686-linux-gnu/4.8/../../../i386-linux-gnu] ==> dir [/usr/lib/gcc/i686-linux-gnu/4.8/../../../i386-linux-gnu]
    arg [-L/usr/lib/gcc/i686-linux-gnu/4.8/../../../../lib] ==> dir [/usr/lib/gcc/i686-linux-gnu/4.8/../../../../lib]
    arg [-L/lib/i386-linux-gnu] ==> dir [/lib/i386-linux-gnu]
    arg [-L/lib/../lib] ==> dir [/lib/../lib]
    arg [-L/usr/lib/i386-linux-gnu] ==> dir [/usr/lib/i386-linux-gnu]
    arg [-L/usr/lib/../lib] ==> dir [/usr/lib/../lib]
    arg [-L/usr/lib/gcc/i686-linux-gnu/4.8/../../..] ==> dir [/usr/lib/gcc/i686-linux-gnu/4.8/../../..]
    arg [CMakeFiles/cmTryCompileExec3762154048.dir/CMakeCXXCompilerABI.cpp.o] ==> ignore
    arg [-lstdc++] ==> lib [stdc++]
    arg [-lm] ==> lib [m]
    arg [-lgcc_s] ==> lib [gcc_s]
    arg [-lgcc] ==> lib [gcc]
    arg [-lc] ==> lib [c]
    arg [-lgcc_s] ==> lib [gcc_s]
    arg [-lgcc] ==> lib [gcc]
    arg [/usr/lib/gcc/i686-linux-gnu/4.8/crtend.o] ==> ignore
    arg [/usr/lib/gcc/i686-linux-gnu/4.8/../../../i386-linux-gnu/crtn.o] ==> ignore
  remove lib [gcc_s]
  remove lib [gcc]
  remove lib [gcc_s]
  remove lib [gcc]
  collapse library dir [/usr/lib/gcc/i686-linux-gnu/4.8] ==> [/usr/lib/gcc/i686-linux-gnu/4.8]
  collapse library dir [/usr/lib/gcc/i686-linux-gnu/4.8/../../../i386-linux-gnu] ==> [/usr/lib/i386-linux-gnu]
  collapse library dir [/usr/lib/gcc/i686-linux-gnu/4.8/../../../../lib] ==> [/usr/lib]
  collapse library dir [/lib/i386-linux-gnu] ==> [/lib/i386-linux-gnu]
  collapse library dir [/lib/../lib] ==> [/lib]
  collapse library dir [/usr/lib/i386-linux-gnu] ==> [/usr/lib/i386-linux-gnu]
  collapse library dir [/usr/lib/../lib] ==> [/usr/lib]
  collapse library dir [/usr/lib/gcc/i686-linux-gnu/4.8/../../..] ==> [/usr/lib]
  implicit libs: [stdc++;m;c]
  implicit dirs: [/usr/lib/gcc/i686-linux-gnu/4.8;/usr/lib/i386-linux-gnu;/usr/lib;/lib/i386-linux-gnu;/lib]
  implicit fwks: []


Determining if files pthread.h exist passed with the following output:
Change Dir: /home/liby3/catkin_ws_lby/build/CMakeFiles/CMakeTmp

Run Build Command:/usr/bin/make "cmTryCompileExec3768722027/fast"
/usr/bin/make -f CMakeFiles/cmTryCompileExec3768722027.dir/build.make CMakeFiles/cmTryCompileExec3768722027.dir/build
make[1]: Entering directory `/home/liby3/catkin_ws_lby/build/CMakeFiles/CMakeTmp'
/usr/bin/cmake -E cmake_progress_report /home/liby3/catkin_ws_lby/build/CMakeFiles/CMakeTmp/CMakeFiles 1
Building C object CMakeFiles/cmTryCompileExec3768722027.dir/CheckIncludeFiles.c.o
/usr/bin/cc    -o CMakeFiles/cmTryCompileExec3768722027.dir/CheckIncludeFiles.c.o   -c /home/liby3/catkin_ws_lby/build/CMakeFiles/CMakeTmp/CheckIncludeFiles.c
Linking C executable cmTryCompileExec3768722027
/usr/bin/cmake -E cmake_link_script CMakeFiles/cmTryCompileExec3768722027.dir/link.txt --verbose=1
/usr/bin/cc       CMakeFiles/cmTryCompileExec3768722027.dir/CheckIncludeFiles.c.o  -o cmTryCompileExec3768722027 -rdynamic 
make[1]: Leaving directory `/home/liby3/catkin_ws_lby/build/CMakeFiles/CMakeTmp'


Determining if the function pthread_create exists in the pthread passed with the following output:
Change Dir: /home/liby3/catkin_ws_lby/build/CMakeFiles/CMakeTmp

Run Build Command:/usr/bin/make "cmTryCompileExec1656868077/fast"
/usr/bin/make -f CMakeFiles/cmTryCompileExec1656868077.dir/build.make CMakeFiles/cmTryCompileExec1656868077.dir/build
make[1]: Entering directory `/home/liby3/catkin_ws_lby/build/CMakeFiles/CMakeTmp'
/usr/bin/cmake -E cmake_progress_report /home/liby3/catkin_ws_lby/build/CMakeFiles/CMakeTmp/CMakeFiles 1
Building C object CMakeFiles/cmTryCompileExec1656868077.dir/CheckFunctionExists.c.o
/usr/bin/cc   -DCHECK_FUNCTION_EXISTS=pthread_create   -o CMakeFiles/cmTryCompileExec1656868077.dir/CheckFunctionExists.c.o   -c /usr/share/cmake-2.8/Modules/CheckFunctionExists.c
Linking C executable cmTryCompileExec1656868077
/usr/bin/cmake -E cmake_link_script CMakeFiles/cmTryCompileExec1656868077.dir/link.txt --verbose=1
/usr/bin/cc   -DCHECK_FUNCTION_EXISTS=pthread_create    CMakeFiles/cmTryCompileExec1656868077.dir/CheckFunctionExists.c.o  -o cmTryCompileExec1656868077 -rdynamic -lpthread 
make[1]: Leaving directory `/home/liby3/catkin_ws_lby/build/CMakeFiles/CMakeTmp'


Performing C SOURCE FILE Test OpenMP_FLAG_DETECTED succeded with the following output:
Change Dir: /home/liby3/catkin_ws_lby/build/CMakeFiles/CMakeTmp

Run Build Command:/usr/bin/make "cmTryCompileExec3806906155/fast"
/usr/bin/make -f CMakeFiles/cmTryCompileExec3806906155.dir/build.make CMakeFiles/cmTryCompileExec3806906155.dir/build
make[1]: Entering directory `/home/liby3/catkin_ws_lby/build/CMakeFiles/CMakeTmp'
/usr/bin/cmake -E cmake_progress_report /home/liby3/catkin_ws_lby/build/CMakeFiles/CMakeTmp/CMakeFiles 1
Building C object CMakeFiles/cmTryCompileExec3806906155.dir/src.c.o
/usr/bin/cc   -DOpenMP_FLAG_DETECTED -fopenmp   -o CMakeFiles/cmTryCompileExec3806906155.dir/src.c.o   -c /home/liby3/catkin_ws_lby/build/CMakeFiles/CMakeTmp/src.c
Linking C executable cmTryCompileExec3806906155
/usr/bin/cmake -E cmake_link_script CMakeFiles/cmTryCompileExec3806906155.dir/link.txt --verbose=1
/usr/bin/cc   -DOpenMP_FLAG_DETECTED -fopenmp    CMakeFiles/cmTryCompileExec3806906155.dir/src.c.o  -o cmTryCompileExec3806906155 -rdynamic 
make[1]: Leaving directory `/home/liby3/catkin_ws_lby/build/CMakeFiles/CMakeTmp'

Source file was:

#include <omp.h>
int main() {
#ifdef _OPENMP
  return 0;
#else
  breaks_on_purpose
#endif
}

Performing C++ SOURCE FILE Test OpenMP_FLAG_DETECTED succeded with the following output:
Change Dir: /home/liby3/catkin_ws_lby/build/CMakeFiles/CMakeTmp

Run Build Command:/usr/bin/make "cmTryCompileExec4291826334/fast"
/usr/bin/make -f CMakeFiles/cmTryCompileExec4291826334.dir/build.make CMakeFiles/cmTryCompileExec4291826334.dir/build
make[1]: Entering directory `/home/liby3/catkin_ws_lby/build/CMakeFiles/CMakeTmp'
/usr/bin/cmake -E cmake_progress_report /home/liby3/catkin_ws_lby/build/CMakeFiles/CMakeTmp/CMakeFiles 1
Building CXX object CMakeFiles/cmTryCompileExec4291826334.dir/src.cxx.o
/usr/bin/c++    -std=c++11 -DOpenMP_FLAG_DETECTED -fopenmp   -o CMakeFiles/cmTryCompileExec4291826334.dir/src.cxx.o -c /home/liby3/catkin_ws_lby/build/CMakeFiles/CMakeTmp/src.cxx
Linking CXX executable cmTryCompileExec4291826334
/usr/bin/cmake -E cmake_link_script CMakeFiles/cmTryCompileExec4291826334.dir/link.txt --verbose=1
/usr/bin/c++    -std=c++11 -DOpenMP_FLAG_DETECTED -fopenmp    CMakeFiles/cmTryCompileExec4291826334.dir/src.cxx.o  -o cmTryCompileExec4291826334 -rdynamic 
make[1]: Leaving directory `/home/liby3/catkin_ws_lby/build/CMakeFiles/CMakeTmp'

Source file was:

#include <omp.h>
int main() {
#ifdef _OPENMP
  return 0;
#else
  breaks_on_purpose
#endif
}

Determining if the include file fcntl.h exists passed with the following output:
Change Dir: /home/liby3/catkin_ws_lby/build/CMakeFiles/CMakeTmp

Run Build Command:/usr/bin/make "cmTryCompileExec2378891828/fast"
/usr/bin/make -f CMakeFiles/cmTryCompileExec2378891828.dir/build.make CMakeFiles/cmTryCompileExec2378891828.dir/build
make[1]: Entering directory `/home/liby3/catkin_ws_lby/build/CMakeFiles/CMakeTmp'
/usr/bin/cmake -E cmake_progress_report /home/liby3/catkin_ws_lby/build/CMakeFiles/CMakeTmp/CMakeFiles 1
Building C object CMakeFiles/cmTryCompileExec2378891828.dir/CheckIncludeFile.c.o
/usr/bin/cc   -I/usr/include  -I/usr/include/cairo -std=c99 -fPIC -ggdb -Wall    -o CMakeFiles/cmTryCompileExec2378891828.dir/CheckIncludeFile.c.o   -c /home/liby3/catkin_ws_lby/build/CMakeFiles/CMakeTmp/CheckIncludeFile.c
Linking C executable cmTryCompileExec2378891828
/usr/bin/cmake -E cmake_link_script CMakeFiles/cmTryCompileExec2378891828.dir/link.txt --verbose=1
/usr/bin/cc    -I/usr/include  -I/usr/include/cairo -std=c99 -fPIC -ggdb -Wall     CMakeFiles/cmTryCompileExec2378891828.dir/CheckIncludeFile.c.o  -o cmTryCompileExec2378891828 -rdynamic 
make[1]: Leaving directory `/home/liby3/catkin_ws_lby/build/CMakeFiles/CMakeTmp'


Determining if the include file inttypes.h exists passed with the following output:
Change Dir: /home/liby3/catkin_ws_lby/build/CMakeFiles/CMakeTmp

Run Build Command:/usr/bin/make "cmTryCompileExec2319173947/fast"
/usr/bin/make -f CMakeFiles/cmTryCompileExec2319173947.dir/build.make CMakeFiles/cmTryCompileExec2319173947.dir/build
make[1]: Entering directory `/home/liby3/catkin_ws_lby/build/CMakeFiles/CMakeTmp'
/usr/bin/cmake -E cmake_progress_report /home/liby3/catkin_ws_lby/build/CMakeFiles/CMakeTmp/CMakeFiles 1
Building C object CMakeFiles/cmTryCompileExec2319173947.dir/CheckIncludeFile.c.o
/usr/bin/cc   -I/usr/include  -I/usr/include/cairo -std=c99 -fPIC -ggdb -Wall    -o CMakeFiles/cmTryCompileExec2319173947.dir/CheckIncludeFile.c.o   -c /home/liby3/catkin_ws_lby/build/CMakeFiles/CMakeTmp/CheckIncludeFile.c
Linking C executable cmTryCompileExec2319173947
/usr/bin/cmake -E cmake_link_script CMakeFiles/cmTryCompileExec2319173947.dir/link.txt --verbose=1
/usr/bin/cc    -I/usr/include  -I/usr/include/cairo -std=c99 -fPIC -ggdb -Wall     CMakeFiles/cmTryCompileExec2319173947.dir/CheckIncludeFile.c.o  -o cmTryCompileExec2319173947 -rdynamic 
make[1]: Leaving directory `/home/liby3/catkin_ws_lby/build/CMakeFiles/CMakeTmp'


Determining if the include file limits.h exists passed with the following output:
Change Dir: /home/liby3/catkin_ws_lby/build/CMakeFiles/CMakeTmp

Run Build Command:/usr/bin/make "cmTryCompileExec1653306539/fast"
/usr/bin/make -f CMakeFiles/cmTryCompileExec1653306539.dir/build.make CMakeFiles/cmTryCompileExec1653306539.dir/build
make[1]: Entering directory `/home/liby3/catkin_ws_lby/build/CMakeFiles/CMakeTmp'
/usr/bin/cmake -E cmake_progress_report /home/liby3/catkin_ws_lby/build/CMakeFiles/CMakeTmp/CMakeFiles 1
Building C object CMakeFiles/cmTryCompileExec1653306539.dir/CheckIncludeFile.c.o
/usr/bin/cc   -I/usr/include  -I/usr/include/cairo -std=c99 -fPIC -ggdb -Wall    -o CMakeFiles/cmTryCompileExec1653306539.dir/CheckIncludeFile.c.o   -c /home/liby3/catkin_ws_lby/build/CMakeFiles/CMakeTmp/CheckIncludeFile.c
Linking C executable cmTryCompileExec1653306539
/usr/bin/cmake -E cmake_link_script CMakeFiles/cmTryCompileExec1653306539.dir/link.txt --verbose=1
/usr/bin/cc    -I/usr/include  -I/usr/include/cairo -std=c99 -fPIC -ggdb -Wall     CMakeFiles/cmTryCompileExec1653306539.dir/CheckIncludeFile.c.o  -o cmTryCompileExec1653306539 -rdynamic 
make[1]: Leaving directory `/home/liby3/catkin_ws_lby/build/CMakeFiles/CMakeTmp'


Determining if the include file memory.h exists passed with the following output:
Change Dir: /home/liby3/catkin_ws_lby/build/CMakeFiles/CMakeTmp

Run Build Command:/usr/bin/make "cmTryCompileExec3100546447/fast"
/usr/bin/make -f CMakeFiles/cmTryCompileExec3100546447.dir/build.make CMakeFiles/cmTryCompileExec3100546447.dir/build
make[1]: Entering directory `/home/liby3/catkin_ws_lby/build/CMakeFiles/CMakeTmp'
/usr/bin/cmake -E cmake_progress_report /home/liby3/catkin_ws_lby/build/CMakeFiles/CMakeTmp/CMakeFiles 1
Building C object CMakeFiles/cmTryCompileExec3100546447.dir/CheckIncludeFile.c.o
/usr/bin/cc   -I/usr/include  -I/usr/include/cairo -std=c99 -fPIC -ggdb -Wall    -o CMakeFiles/cmTryCompileExec3100546447.dir/CheckIncludeFile.c.o   -c /home/liby3/catkin_ws_lby/build/CMakeFiles/CMakeTmp/CheckIncludeFile.c
Linking C executable cmTryCompileExec3100546447
/usr/bin/cmake -E cmake_link_script CMakeFiles/cmTryCompileExec3100546447.dir/link.txt --verbose=1
/usr/bin/cc    -I/usr/include  -I/usr/include/cairo -std=c99 -fPIC -ggdb -Wall     CMakeFiles/cmTryCompileExec3100546447.dir/CheckIncludeFile.c.o  -o cmTryCompileExec3100546447 -rdynamic 
make[1]: Leaving directory `/home/liby3/catkin_ws_lby/build/CMakeFiles/CMakeTmp'


Determining if the include file stdarg.h exists passed with the following output:
Change Dir: /home/liby3/catkin_ws_lby/build/CMakeFiles/CMakeTmp

Run Build Command:/usr/bin/make "cmTryCompileExec3590312070/fast"
/usr/bin/make -f CMakeFiles/cmTryCompileExec3590312070.dir/build.make CMakeFiles/cmTryCompileExec3590312070.dir/build
make[1]: Entering directory `/home/liby3/catkin_ws_lby/build/CMakeFiles/CMakeTmp'
/usr/bin/cmake -E cmake_progress_report /home/liby3/catkin_ws_lby/build/CMakeFiles/CMakeTmp/CMakeFiles 1
Building C object CMakeFiles/cmTryCompileExec3590312070.dir/CheckIncludeFile.c.o
/usr/bin/cc   -I/usr/include  -I/usr/include/cairo -std=c99 -fPIC -ggdb -Wall    -o CMakeFiles/cmTryCompileExec3590312070.dir/CheckIncludeFile.c.o   -c /home/liby3/catkin_ws_lby/build/CMakeFiles/CMakeTmp/CheckIncludeFile.c
Linking C executable cmTryCompileExec3590312070
/usr/bin/cmake -E cmake_link_script CMakeFiles/cmTryCompileExec3590312070.dir/link.txt --verbose=1
/usr/bin/cc    -I/usr/include  -I/usr/include/cairo -std=c99 -fPIC -ggdb -Wall     CMakeFiles/cmTryCompileExec3590312070.dir/CheckIncludeFile.c.o  -o cmTryCompileExec3590312070 -rdynamic 
make[1]: Leaving directory `/home/liby3/catkin_ws_lby/build/CMakeFiles/CMakeTmp'


Determining if the include file stdint.h exists passed with the following output:
Change Dir: /home/liby3/catkin_ws_lby/build/CMakeFiles/CMakeTmp

Run Build Command:/usr/bin/make "cmTryCompileExec1253506664/fast"
/usr/bin/make -f CMakeFiles/cmTryCompileExec1253506664.dir/build.make CMakeFiles/cmTryCompileExec1253506664.dir/build
make[1]: Entering directory `/home/liby3/catkin_ws_lby/build/CMakeFiles/CMakeTmp'
/usr/bin/cmake -E cmake_progress_report /home/liby3/catkin_ws_lby/build/CMakeFiles/CMakeTmp/CMakeFiles 1
Building C object CMakeFiles/cmTryCompileExec1253506664.dir/CheckIncludeFile.c.o
/usr/bin/cc   -I/usr/include  -I/usr/include/cairo -std=c99 -fPIC -ggdb -Wall    -o CMakeFiles/cmTryCompileExec1253506664.dir/CheckIncludeFile.c.o   -c /home/liby3/catkin_ws_lby/build/CMakeFiles/CMakeTmp/CheckIncludeFile.c
Linking C executable cmTryCompileExec1253506664
/usr/bin/cmake -E cmake_link_script CMakeFiles/cmTryCompileExec1253506664.dir/link.txt --verbose=1
/usr/bin/cc    -I/usr/include  -I/usr/include/cairo -std=c99 -fPIC -ggdb -Wall     CMakeFiles/cmTryCompileExec1253506664.dir/CheckIncludeFile.c.o  -o cmTryCompileExec1253506664 -rdynamic 
make[1]: Leaving directory `/home/liby3/catkin_ws_lby/build/CMakeFiles/CMakeTmp'


Determining if the include file stdlib.h exists passed with the following output:
Change Dir: /home/liby3/catkin_ws_lby/build/CMakeFiles/CMakeTmp

Run Build Command:/usr/bin/make "cmTryCompileExec446913743/fast"
/usr/bin/make -f CMakeFiles/cmTryCompileExec446913743.dir/build.make CMakeFiles/cmTryCompileExec446913743.dir/build
make[1]: Entering directory `/home/liby3/catkin_ws_lby/build/CMakeFiles/CMakeTmp'
/usr/bin/cmake -E cmake_progress_report /home/liby3/catkin_ws_lby/build/CMakeFiles/CMakeTmp/CMakeFiles 1
Building C object CMakeFiles/cmTryCompileExec446913743.dir/CheckIncludeFile.c.o
/usr/bin/cc   -I/usr/include  -I/usr/include/cairo -std=c99 -fPIC -ggdb -Wall    -o CMakeFiles/cmTryCompileExec446913743.dir/CheckIncludeFile.c.o   -c /home/liby3/catkin_ws_lby/build/CMakeFiles/CMakeTmp/CheckIncludeFile.c
Linking C executable cmTryCompileExec446913743
/usr/bin/cmake -E cmake_link_script CMakeFiles/cmTryCompileExec446913743.dir/link.txt --verbose=1
/usr/bin/cc    -I/usr/include  -I/usr/include/cairo -std=c99 -fPIC -ggdb -Wall     CMakeFiles/cmTryCompileExec446913743.dir/CheckIncludeFile.c.o  -o cmTryCompileExec446913743 -rdynamic 
make[1]: Leaving directory `/home/liby3/catkin_ws_lby/build/CMakeFiles/CMakeTmp'


Determining if the include file strings.h exists passed with the following output:
Change Dir: /home/liby3/catkin_ws_lby/build/CMakeFiles/CMakeTmp

Run Build Command:/usr/bin/make "cmTryCompileExec192597676/fast"
/usr/bin/make -f CMakeFiles/cmTryCompileExec192597676.dir/build.make CMakeFiles/cmTryCompileExec192597676.dir/build
make[1]: Entering directory `/home/liby3/catkin_ws_lby/build/CMakeFiles/CMakeTmp'
/usr/bin/cmake -E cmake_progress_report /home/liby3/catkin_ws_lby/build/CMakeFiles/CMakeTmp/CMakeFiles 1
Building C object CMakeFiles/cmTryCompileExec192597676.dir/CheckIncludeFile.c.o
/usr/bin/cc   -I/usr/include  -I/usr/include/cairo -std=c99 -fPIC -ggdb -Wall    -o CMakeFiles/cmTryCompileExec192597676.dir/CheckIncludeFile.c.o   -c /home/liby3/catkin_ws_lby/build/CMakeFiles/CMakeTmp/CheckIncludeFile.c
Linking C executable cmTryCompileExec192597676
/usr/bin/cmake -E cmake_link_script CMakeFiles/cmTryCompileExec192597676.dir/link.txt --verbose=1
/usr/bin/cc    -I/usr/include  -I/usr/include/cairo -std=c99 -fPIC -ggdb -Wall     CMakeFiles/cmTryCompileExec192597676.dir/CheckIncludeFile.c.o  -o cmTryCompileExec192597676 -rdynamic 
make[1]: Leaving directory `/home/liby3/catkin_ws_lby/build/CMakeFiles/CMakeTmp'


Determining if the include file string.h exists passed with the following output:
Change Dir: /home/liby3/catkin_ws_lby/build/CMakeFiles/CMakeTmp

Run Build Command:/usr/bin/make "cmTryCompileExec1285770038/fast"
/usr/bin/make -f CMakeFiles/cmTryCompileExec1285770038.dir/build.make CMakeFiles/cmTryCompileExec1285770038.dir/build
make[1]: Entering directory `/home/liby3/catkin_ws_lby/build/CMakeFiles/CMakeTmp'
/usr/bin/cmake -E cmake_progress_report /home/liby3/catkin_ws_lby/build/CMakeFiles/CMakeTmp/CMakeFiles 1
Building C object CMakeFiles/cmTryCompileExec1285770038.dir/CheckIncludeFile.c.o
/usr/bin/cc   -I/usr/include  -I/usr/include/cairo -std=c99 -fPIC -ggdb -Wall    -o CMakeFiles/cmTryCompileExec1285770038.dir/CheckIncludeFile.c.o   -c /home/liby3/catkin_ws_lby/build/CMakeFiles/CMakeTmp/CheckIncludeFile.c
Linking C executable cmTryCompileExec1285770038
/usr/bin/cmake -E cmake_link_script CMakeFiles/cmTryCompileExec1285770038.dir/link.txt --verbose=1
/usr/bin/cc    -I/usr/include  -I/usr/include/cairo -std=c99 -fPIC -ggdb -Wall     CMakeFiles/cmTryCompileExec1285770038.dir/CheckIncludeFile.c.o  -o cmTryCompileExec1285770038 -rdynamic 
make[1]: Leaving directory `/home/liby3/catkin_ws_lby/build/CMakeFiles/CMakeTmp'


Determining if the include file syslog.h exists passed with the following output:
Change Dir: /home/liby3/catkin_ws_lby/build/CMakeFiles/CMakeTmp

Run Build Command:/usr/bin/make "cmTryCompileExec1544222299/fast"
/usr/bin/make -f CMakeFiles/cmTryCompileExec1544222299.dir/build.make CMakeFiles/cmTryCompileExec1544222299.dir/build
make[1]: Entering directory `/home/liby3/catkin_ws_lby/build/CMakeFiles/CMakeTmp'
/usr/bin/cmake -E cmake_progress_report /home/liby3/catkin_ws_lby/build/CMakeFiles/CMakeTmp/CMakeFiles 1
Building C object CMakeFiles/cmTryCompileExec1544222299.dir/CheckIncludeFile.c.o
/usr/bin/cc   -I/usr/include  -I/usr/include/cairo -std=c99 -fPIC -ggdb -Wall    -o CMakeFiles/cmTryCompileExec1544222299.dir/CheckIncludeFile.c.o   -c /home/liby3/catkin_ws_lby/build/CMakeFiles/CMakeTmp/CheckIncludeFile.c
Linking C executable cmTryCompileExec1544222299
/usr/bin/cmake -E cmake_link_script CMakeFiles/cmTryCompileExec1544222299.dir/link.txt --verbose=1
/usr/bin/cc    -I/usr/include  -I/usr/include/cairo -std=c99 -fPIC -ggdb -Wall     CMakeFiles/cmTryCompileExec1544222299.dir/CheckIncludeFile.c.o  -o cmTryCompileExec1544222299 -rdynamic 
make[1]: Leaving directory `/home/liby3/catkin_ws_lby/build/CMakeFiles/CMakeTmp'


Determining if the include file sys/param.h exists passed with the following output:
Change Dir: /home/liby3/catkin_ws_lby/build/CMakeFiles/CMakeTmp

Run Build Command:/usr/bin/make "cmTryCompileExec1708637010/fast"
/usr/bin/make -f CMakeFiles/cmTryCompileExec1708637010.dir/build.make CMakeFiles/cmTryCompileExec1708637010.dir/build
make[1]: Entering directory `/home/liby3/catkin_ws_lby/build/CMakeFiles/CMakeTmp'
/usr/bin/cmake -E cmake_progress_report /home/liby3/catkin_ws_lby/build/CMakeFiles/CMakeTmp/CMakeFiles 1
Building C object CMakeFiles/cmTryCompileExec1708637010.dir/CheckIncludeFile.c.o
/usr/bin/cc   -I/usr/include  -I/usr/include/cairo -std=c99 -fPIC -ggdb -Wall    -o CMakeFiles/cmTryCompileExec1708637010.dir/CheckIncludeFile.c.o   -c /home/liby3/catkin_ws_lby/build/CMakeFiles/CMakeTmp/CheckIncludeFile.c
Linking C executable cmTryCompileExec1708637010
/usr/bin/cmake -E cmake_link_script CMakeFiles/cmTryCompileExec1708637010.dir/link.txt --verbose=1
/usr/bin/cc    -I/usr/include  -I/usr/include/cairo -std=c99 -fPIC -ggdb -Wall     CMakeFiles/cmTryCompileExec1708637010.dir/CheckIncludeFile.c.o  -o cmTryCompileExec1708637010 -rdynamic 
make[1]: Leaving directory `/home/liby3/catkin_ws_lby/build/CMakeFiles/CMakeTmp'


Determining if the include file sys/types.h exists passed with the following output:
Change Dir: /home/liby3/catkin_ws_lby/build/CMakeFiles/CMakeTmp

Run Build Command:/usr/bin/make "cmTryCompileExec1522915199/fast"
/usr/bin/make -f CMakeFiles/cmTryCompileExec1522915199.dir/build.make CMakeFiles/cmTryCompileExec1522915199.dir/build
make[1]: Entering directory `/home/liby3/catkin_ws_lby/build/CMakeFiles/CMakeTmp'
/usr/bin/cmake -E cmake_progress_report /home/liby3/catkin_ws_lby/build/CMakeFiles/CMakeTmp/CMakeFiles 1
Building C object CMakeFiles/cmTryCompileExec1522915199.dir/CheckIncludeFile.c.o
/usr/bin/cc   -I/usr/include  -I/usr/include/cairo -std=c99 -fPIC -ggdb -Wall    -o CMakeFiles/cmTryCompileExec1522915199.dir/CheckIncludeFile.c.o   -c /home/liby3/catkin_ws_lby/build/CMakeFiles/CMakeTmp/CheckIncludeFile.c
Linking C executable cmTryCompileExec1522915199
/usr/bin/cmake -E cmake_link_script CMakeFiles/cmTryCompileExec1522915199.dir/link.txt --verbose=1
/usr/bin/cc    -I/usr/include  -I/usr/include/cairo -std=c99 -fPIC -ggdb -Wall     CMakeFiles/cmTryCompileExec1522915199.dir/CheckIncludeFile.c.o  -o cmTryCompileExec1522915199 -rdynamic 
make[1]: Leaving directory `/home/liby3/catkin_ws_lby/build/CMakeFiles/CMakeTmp'


Determining if the include file sys/stat.h exists passed with the following output:
Change Dir: /home/liby3/catkin_ws_lby/build/CMakeFiles/CMakeTmp

Run Build Command:/usr/bin/make "cmTryCompileExec4089989113/fast"
/usr/bin/make -f CMakeFiles/cmTryCompileExec4089989113.dir/build.make CMakeFiles/cmTryCompileExec4089989113.dir/build
make[1]: Entering directory `/home/liby3/catkin_ws_lby/build/CMakeFiles/CMakeTmp'
/usr/bin/cmake -E cmake_progress_report /home/liby3/catkin_ws_lby/build/CMakeFiles/CMakeTmp/CMakeFiles 1
Building C object CMakeFiles/cmTryCompileExec4089989113.dir/CheckIncludeFile.c.o
/usr/bin/cc   -I/usr/include  -I/usr/include/cairo -std=c99 -fPIC -ggdb -Wall    -o CMakeFiles/cmTryCompileExec4089989113.dir/CheckIncludeFile.c.o   -c /home/liby3/catkin_ws_lby/build/CMakeFiles/CMakeTmp/CheckIncludeFile.c
Linking C executable cmTryCompileExec4089989113
/usr/bin/cmake -E cmake_link_script CMakeFiles/cmTryCompileExec4089989113.dir/link.txt --verbose=1
/usr/bin/cc    -I/usr/include  -I/usr/include/cairo -std=c99 -fPIC -ggdb -Wall     CMakeFiles/cmTryCompileExec4089989113.dir/CheckIncludeFile.c.o  -o cmTryCompileExec4089989113 -rdynamic 
make[1]: Leaving directory `/home/liby3/catkin_ws_lby/build/CMakeFiles/CMakeTmp'


Determining if the include file unistd.h exists passed with the following output:
Change Dir: /home/liby3/catkin_ws_lby/build/CMakeFiles/CMakeTmp

Run Build Command:/usr/bin/make "cmTryCompileExec3419265806/fast"
/usr/bin/make -f CMakeFiles/cmTryCompileExec3419265806.dir/build.make CMakeFiles/cmTryCompileExec3419265806.dir/build
make[1]: Entering directory `/home/liby3/catkin_ws_lby/build/CMakeFiles/CMakeTmp'
/usr/bin/cmake -E cmake_progress_report /home/liby3/catkin_ws_lby/build/CMakeFiles/CMakeTmp/CMakeFiles 1
Building C object CMakeFiles/cmTryCompileExec3419265806.dir/CheckIncludeFile.c.o
/usr/bin/cc   -I/usr/include  -I/usr/include/cairo -std=c99 -fPIC -ggdb -Wall    -o CMakeFiles/cmTryCompileExec3419265806.dir/CheckIncludeFile.c.o   -c /home/liby3/catkin_ws_lby/build/CMakeFiles/CMakeTmp/CheckIncludeFile.c
Linking C executable cmTryCompileExec3419265806
/usr/bin/cmake -E cmake_link_script CMakeFiles/cmTryCompileExec3419265806.dir/link.txt --verbose=1
/usr/bin/cc    -I/usr/include  -I/usr/include/cairo -std=c99 -fPIC -ggdb -Wall     CMakeFiles/cmTryCompileExec3419265806.dir/CheckIncludeFile.c.o  -o cmTryCompileExec3419265806 -rdynamic 
make[1]: Leaving directory `/home/liby3/catkin_ws_lby/build/CMakeFiles/CMakeTmp'


Determining if the function open exists passed with the following output:
Change Dir: /home/liby3/catkin_ws_lby/build/CMakeFiles/CMakeTmp

Run Build Command:/usr/bin/make "cmTryCompileExec3097595134/fast"
/usr/bin/make -f CMakeFiles/cmTryCompileExec3097595134.dir/build.make CMakeFiles/cmTryCompileExec3097595134.dir/build
make[1]: Entering directory `/home/liby3/catkin_ws_lby/build/CMakeFiles/CMakeTmp'
/usr/bin/cmake -E cmake_progress_report /home/liby3/catkin_ws_lby/build/CMakeFiles/CMakeTmp/CMakeFiles 1
Building C object CMakeFiles/cmTryCompileExec3097595134.dir/CheckFunctionExists.c.o
/usr/bin/cc   -I/usr/include  -I/usr/include/cairo -std=c99 -fPIC -ggdb -Wall -DCHECK_FUNCTION_EXISTS=open   -o CMakeFiles/cmTryCompileExec3097595134.dir/CheckFunctionExists.c.o   -c /usr/share/cmake-2.8/Modules/CheckFunctionExists.c
Linking C executable cmTryCompileExec3097595134
/usr/bin/cmake -E cmake_link_script CMakeFiles/cmTryCompileExec3097595134.dir/link.txt --verbose=1
/usr/bin/cc    -I/usr/include  -I/usr/include/cairo -std=c99 -fPIC -ggdb -Wall -DCHECK_FUNCTION_EXISTS=open    CMakeFiles/cmTryCompileExec3097595134.dir/CheckFunctionExists.c.o  -o cmTryCompileExec3097595134 -rdynamic 
make[1]: Leaving directory `/home/liby3/catkin_ws_lby/build/CMakeFiles/CMakeTmp'


Determining if the function malloc exists passed with the following output:
Change Dir: /home/liby3/catkin_ws_lby/build/CMakeFiles/CMakeTmp

Run Build Command:/usr/bin/make "cmTryCompileExec459187714/fast"
/usr/bin/make -f CMakeFiles/cmTryCompileExec459187714.dir/build.make CMakeFiles/cmTryCompileExec459187714.dir/build
make[1]: Entering directory `/home/liby3/catkin_ws_lby/build/CMakeFiles/CMakeTmp'
/usr/bin/cmake -E cmake_progress_report /home/liby3/catkin_ws_lby/build/CMakeFiles/CMakeTmp/CMakeFiles 1
Building C object CMakeFiles/cmTryCompileExec459187714.dir/CheckFunctionExists.c.o
/usr/bin/cc   -I/usr/include  -I/usr/include/cairo -std=c99 -fPIC -ggdb -Wall -DCHECK_FUNCTION_EXISTS=malloc   -o CMakeFiles/cmTryCompileExec459187714.dir/CheckFunctionExists.c.o   -c /usr/share/cmake-2.8/Modules/CheckFunctionExists.c
<command-line>:0:23: warning: conflicting types for built-in function ‘malloc’ [enabled by default]
/usr/share/cmake-2.8/Modules/CheckFunctionExists.c:3:6: note: in expansion of macro ‘CHECK_FUNCTION_EXISTS’
 char CHECK_FUNCTION_EXISTS();
      ^
Linking C executable cmTryCompileExec459187714
/usr/bin/cmake -E cmake_link_script CMakeFiles/cmTryCompileExec459187714.dir/link.txt --verbose=1
/usr/bin/cc    -I/usr/include  -I/usr/include/cairo -std=c99 -fPIC -ggdb -Wall -DCHECK_FUNCTION_EXISTS=malloc    CMakeFiles/cmTryCompileExec459187714.dir/CheckFunctionExists.c.o  -o cmTryCompileExec459187714 -rdynamic 
make[1]: Leaving directory `/home/liby3/catkin_ws_lby/build/CMakeFiles/CMakeTmp'


Determining if the function realloc exists passed with the following output:
Change Dir: /home/liby3/catkin_ws_lby/build/CMakeFiles/CMakeTmp

Run Build Command:/usr/bin/make "cmTryCompileExec3894459905/fast"
/usr/bin/make -f CMakeFiles/cmTryCompileExec3894459905.dir/build.make CMakeFiles/cmTryCompileExec3894459905.dir/build
make[1]: Entering directory `/home/liby3/catkin_ws_lby/build/CMakeFiles/CMakeTmp'
/usr/bin/cmake -E cmake_progress_report /home/liby3/catkin_ws_lby/build/CMakeFiles/CMakeTmp/CMakeFiles 1
Building C object CMakeFiles/cmTryCompileExec3894459905.dir/CheckFunctionExists.c.o
/usr/bin/cc   -I/usr/include  -I/usr/include/cairo -std=c99 -fPIC -ggdb -Wall -DCHECK_FUNCTION_EXISTS=realloc   -o CMakeFiles/cmTryCompileExec3894459905.dir/CheckFunctionExists.c.o   -c /usr/share/cmake-2.8/Modules/CheckFunctionExists.c
<command-line>:0:23: warning: conflicting types for built-in function ‘realloc’ [enabled by default]
/usr/share/cmake-2.8/Modules/CheckFunctionExists.c:3:6: note: in expansion of macro ‘CHECK_FUNCTION_EXISTS’
 char CHECK_FUNCTION_EXISTS();
      ^
Linking C executable cmTryCompileExec3894459905
/usr/bin/cmake -E cmake_link_script CMakeFiles/cmTryCompileExec3894459905.dir/link.txt --verbose=1
/usr/bin/cc    -I/usr/include  -I/usr/include/cairo -std=c99 -fPIC -ggdb -Wall -DCHECK_FUNCTION_EXISTS=realloc    CMakeFiles/cmTryCompileExec3894459905.dir/CheckFunctionExists.c.o  -o cmTryCompileExec3894459905 -rdynamic 
make[1]: Leaving directory `/home/liby3/catkin_ws_lby/build/CMakeFiles/CMakeTmp'


Determining if the function strerror exists passed with the following output:
Change Dir: /home/liby3/catkin_ws_lby/build/CMakeFiles/CMakeTmp

Run Build Command:/usr/bin/make "cmTryCompileExec359411721/fast"
/usr/bin/make -f CMakeFiles/cmTryCompileExec359411721.dir/build.make CMakeFiles/cmTryCompileExec359411721.dir/build
make[1]: Entering directory `/home/liby3/catkin_ws_lby/build/CMakeFiles/CMakeTmp'
/usr/bin/cmake -E cmake_progress_report /home/liby3/catkin_ws_lby/build/CMakeFiles/CMakeTmp/CMakeFiles 1
Building C object CMakeFiles/cmTryCompileExec359411721.dir/CheckFunctionExists.c.o
/usr/bin/cc   -I/usr/include  -I/usr/include/cairo -std=c99 -fPIC -ggdb -Wall -DCHECK_FUNCTION_EXISTS=strerror   -o CMakeFiles/cmTryCompileExec359411721.dir/CheckFunctionExists.c.o   -c /usr/share/cmake-2.8/Modules/CheckFunctionExists.c
Linking C executable cmTryCompileExec359411721
/usr/bin/cmake -E cmake_link_script CMakeFiles/cmTryCompileExec359411721.dir/link.txt --verbose=1
/usr/bin/cc    -I/usr/include  -I/usr/include/cairo -std=c99 -fPIC -ggdb -Wall -DCHECK_FUNCTION_EXISTS=strerror    CMakeFiles/cmTryCompileExec359411721.dir/CheckFunctionExists.c.o  -o cmTryCompileExec359411721 -rdynamic 
make[1]: Leaving directory `/home/liby3/catkin_ws_lby/build/CMakeFiles/CMakeTmp'


Determining if the function strncasecmp exists passed with the following output:
Change Dir: /home/liby3/catkin_ws_lby/build/CMakeFiles/CMakeTmp

Run Build Command:/usr/bin/make "cmTryCompileExec3354333850/fast"
/usr/bin/make -f CMakeFiles/cmTryCompileExec3354333850.dir/build.make CMakeFiles/cmTryCompileExec3354333850.dir/build
make[1]: Entering directory `/home/liby3/catkin_ws_lby/build/CMakeFiles/CMakeTmp'
/usr/bin/cmake -E cmake_progress_report /home/liby3/catkin_ws_lby/build/CMakeFiles/CMakeTmp/CMakeFiles 1
Building C object CMakeFiles/cmTryCompileExec3354333850.dir/CheckFunctionExists.c.o
/usr/bin/cc   -I/usr/include  -I/usr/include/cairo -std=c99 -fPIC -ggdb -Wall -DCHECK_FUNCTION_EXISTS=strncasecmp   -o CMakeFiles/cmTryCompileExec3354333850.dir/CheckFunctionExists.c.o   -c /usr/share/cmake-2.8/Modules/CheckFunctionExists.c
Linking C executable cmTryCompileExec3354333850
/usr/bin/cmake -E cmake_link_script CMakeFiles/cmTryCompileExec3354333850.dir/link.txt --verbose=1
/usr/bin/cc    -I/usr/include  -I/usr/include/cairo -std=c99 -fPIC -ggdb -Wall -DCHECK_FUNCTION_EXISTS=strncasecmp    CMakeFiles/cmTryCompileExec3354333850.dir/CheckFunctionExists.c.o  -o cmTryCompileExec3354333850 -rdynamic 
make[1]: Leaving directory `/home/liby3/catkin_ws_lby/build/CMakeFiles/CMakeTmp'


Determining if the function strndup exists passed with the following output:
Change Dir: /home/liby3/catkin_ws_lby/build/CMakeFiles/CMakeTmp

Run Build Command:/usr/bin/make "cmTryCompileExec1481231534/fast"
/usr/bin/make -f CMakeFiles/cmTryCompileExec1481231534.dir/build.make CMakeFiles/cmTryCompileExec1481231534.dir/build
make[1]: Entering directory `/home/liby3/catkin_ws_lby/build/CMakeFiles/CMakeTmp'
/usr/bin/cmake -E cmake_progress_report /home/liby3/catkin_ws_lby/build/CMakeFiles/CMakeTmp/CMakeFiles 1
Building C object CMakeFiles/cmTryCompileExec1481231534.dir/CheckFunctionExists.c.o
/usr/bin/cc   -I/usr/include  -I/usr/include/cairo -std=c99 -fPIC -ggdb -Wall -DCHECK_FUNCTION_EXISTS=strndup   -o CMakeFiles/cmTryCompileExec1481231534.dir/CheckFunctionExists.c.o   -c /usr/share/cmake-2.8/Modules/CheckFunctionExists.c
Linking C executable cmTryCompileExec1481231534
/usr/bin/cmake -E cmake_link_script CMakeFiles/cmTryCompileExec1481231534.dir/link.txt --verbose=1
/usr/bin/cc    -I/usr/include  -I/usr/include/cairo -std=c99 -fPIC -ggdb -Wall -DCHECK_FUNCTION_EXISTS=strndup    CMakeFiles/cmTryCompileExec1481231534.dir/CheckFunctionExists.c.o  -o cmTryCompileExec1481231534 -rdynamic 
make[1]: Leaving directory `/home/liby3/catkin_ws_lby/build/CMakeFiles/CMakeTmp'


Determining if the function vasprintf exists passed with the following output:
Change Dir: /home/liby3/catkin_ws_lby/build/CMakeFiles/CMakeTmp

Run Build Command:/usr/bin/make "cmTryCompileExec1616677305/fast"
/usr/bin/make -f CMakeFiles/cmTryCompileExec1616677305.dir/build.make CMakeFiles/cmTryCompileExec1616677305.dir/build
make[1]: Entering directory `/home/liby3/catkin_ws_lby/build/CMakeFiles/CMakeTmp'
/usr/bin/cmake -E cmake_progress_report /home/liby3/catkin_ws_lby/build/CMakeFiles/CMakeTmp/CMakeFiles 1
Building C object CMakeFiles/cmTryCompileExec1616677305.dir/CheckFunctionExists.c.o
/usr/bin/cc   -I/usr/include  -I/usr/include/cairo -std=c99 -fPIC -ggdb -Wall -DCHECK_FUNCTION_EXISTS=vasprintf   -o CMakeFiles/cmTryCompileExec1616677305.dir/CheckFunctionExists.c.o   -c /usr/share/cmake-2.8/Modules/CheckFunctionExists.c
Linking C executable cmTryCompileExec1616677305
/usr/bin/cmake -E cmake_link_script CMakeFiles/cmTryCompileExec1616677305.dir/link.txt --verbose=1
/usr/bin/cc    -I/usr/include  -I/usr/include/cairo -std=c99 -fPIC -ggdb -Wall -DCHECK_FUNCTION_EXISTS=vasprintf    CMakeFiles/cmTryCompileExec1616677305.dir/CheckFunctionExists.c.o  -o cmTryCompileExec1616677305 -rdynamic 
make[1]: Leaving directory `/home/liby3/catkin_ws_lby/build/CMakeFiles/CMakeTmp'


Determining if the function vprintf exists passed with the following output:
Change Dir: /home/liby3/catkin_ws_lby/build/CMakeFiles/CMakeTmp

Run Build Command:/usr/bin/make "cmTryCompileExec254041724/fast"
/usr/bin/make -f CMakeFiles/cmTryCompileExec254041724.dir/build.make CMakeFiles/cmTryCompileExec254041724.dir/build
make[1]: Entering directory `/home/liby3/catkin_ws_lby/build/CMakeFiles/CMakeTmp'
/usr/bin/cmake -E cmake_progress_report /home/liby3/catkin_ws_lby/build/CMakeFiles/CMakeTmp/CMakeFiles 1
Building C object CMakeFiles/cmTryCompileExec254041724.dir/CheckFunctionExists.c.o
/usr/bin/cc   -I/usr/include  -I/usr/include/cairo -std=c99 -fPIC -ggdb -Wall -DCHECK_FUNCTION_EXISTS=vprintf   -o CMakeFiles/cmTryCompileExec254041724.dir/CheckFunctionExists.c.o   -c /usr/share/cmake-2.8/Modules/CheckFunctionExists.c
<command-line>:0:23: warning: conflicting types for built-in function ‘vprintf’ [enabled by default]
/usr/share/cmake-2.8/Modules/CheckFunctionExists.c:3:6: note: in expansion of macro ‘CHECK_FUNCTION_EXISTS’
 char CHECK_FUNCTION_EXISTS();
      ^
Linking C executable cmTryCompileExec254041724
/usr/bin/cmake -E cmake_link_script CMakeFiles/cmTryCompileExec254041724.dir/link.txt --verbose=1
/usr/bin/cc    -I/usr/include  -I/usr/include/cairo -std=c99 -fPIC -ggdb -Wall -DCHECK_FUNCTION_EXISTS=vprintf    CMakeFiles/cmTryCompileExec254041724.dir/CheckFunctionExists.c.o  -o cmTryCompileExec254041724 -rdynamic 
make[1]: Leaving directory `/home/liby3/catkin_ws_lby/build/CMakeFiles/CMakeTmp'


Determining if the function vsnprintf exists passed with the following output:
Change Dir: /home/liby3/catkin_ws_lby/build/CMakeFiles/CMakeTmp

Run Build Command:/usr/bin/make "cmTryCompileExec252781744/fast"
/usr/bin/make -f CMakeFiles/cmTryCompileExec252781744.dir/build.make CMakeFiles/cmTryCompileExec252781744.dir/build
make[1]: Entering directory `/home/liby3/catkin_ws_lby/build/CMakeFiles/CMakeTmp'
/usr/bin/cmake -E cmake_progress_report /home/liby3/catkin_ws_lby/build/CMakeFiles/CMakeTmp/CMakeFiles 1
Building C object CMakeFiles/cmTryCompileExec252781744.dir/CheckFunctionExists.c.o
/usr/bin/cc   -I/usr/include  -I/usr/include/cairo -std=c99 -fPIC -ggdb -Wall -DCHECK_FUNCTION_EXISTS=vsnprintf   -o CMakeFiles/cmTryCompileExec252781744.dir/CheckFunctionExists.c.o   -c /usr/share/cmake-2.8/Modules/CheckFunctionExists.c
<command-line>:0:23: warning: conflicting types for built-in function ‘vsnprintf’ [enabled by default]
/usr/share/cmake-2.8/Modules/CheckFunctionExists.c:3:6: note: in expansion of macro ‘CHECK_FUNCTION_EXISTS’
 char CHECK_FUNCTION_EXISTS();
      ^
Linking C executable cmTryCompileExec252781744
/usr/bin/cmake -E cmake_link_script CMakeFiles/cmTryCompileExec252781744.dir/link.txt --verbose=1
/usr/bin/cc    -I/usr/include  -I/usr/include/cairo -std=c99 -fPIC -ggdb -Wall -DCHECK_FUNCTION_EXISTS=vsnprintf    CMakeFiles/cmTryCompileExec252781744.dir/CheckFunctionExists.c.o  -o cmTryCompileExec252781744 -rdynamic 
make[1]: Leaving directory `/home/liby3/catkin_ws_lby/build/CMakeFiles/CMakeTmp'


Determining if the function vsyslog exists passed with the following output:
Change Dir: /home/liby3/catkin_ws_lby/build/CMakeFiles/CMakeTmp

Run Build Command:/usr/bin/make "cmTryCompileExec433874913/fast"
/usr/bin/make -f CMakeFiles/cmTryCompileExec433874913.dir/build.make CMakeFiles/cmTryCompileExec433874913.dir/build
make[1]: Entering directory `/home/liby3/catkin_ws_lby/build/CMakeFiles/CMakeTmp'
/usr/bin/cmake -E cmake_progress_report /home/liby3/catkin_ws_lby/build/CMakeFiles/CMakeTmp/CMakeFiles 1
Building C object CMakeFiles/cmTryCompileExec433874913.dir/CheckFunctionExists.c.o
/usr/bin/cc   -I/usr/include  -I/usr/include/cairo -std=c99 -fPIC -ggdb -Wall -DCHECK_FUNCTION_EXISTS=vsyslog   -o CMakeFiles/cmTryCompileExec433874913.dir/CheckFunctionExists.c.o   -c /usr/share/cmake-2.8/Modules/CheckFunctionExists.c
Linking C executable cmTryCompileExec433874913
/usr/bin/cmake -E cmake_link_script CMakeFiles/cmTryCompileExec433874913.dir/link.txt --verbose=1
/usr/bin/cc    -I/usr/include  -I/usr/include/cairo -std=c99 -fPIC -ggdb -Wall -DCHECK_FUNCTION_EXISTS=vsyslog    CMakeFiles/cmTryCompileExec433874913.dir/CheckFunctionExists.c.o  -o cmTryCompileExec433874913 -rdynamic 
make[1]: Leaving directory `/home/liby3/catkin_ws_lby/build/CMakeFiles/CMakeTmp'


